[03-May-2022 13:00:40 UTC] mail() on [/home/u241751678/domains/casacentroserviciotecnico.com/public_html/controller/Login_Controller.php:66]: To: maroces19@gmail.com -- Headers: MIME-Version: 1.0  Content-type: text/html; charset=utf-8 -- Subject: Productos Agotandose
[04-May-2022 13:09:45 UTC] mail() on [/home/u241751678/domains/casacentroserviciotecnico.com/public_html/controller/Login_Controller.php:66]: To: maroces19@gmail.com -- Headers: MIME-Version: 1.0  Content-type: text/html; charset=utf-8 -- Subject: Productos Agotandose
[05-May-2022 12:58:20 UTC] mail() on [/home/u241751678/domains/casacentroserviciotecnico.com/public_html/controller/Login_Controller.php:66]: To: maroces19@gmail.com -- Headers: MIME-Version: 1.0  Content-type: text/html; charset=utf-8 -- Subject: Productos Agotandose
[06-May-2022 13:00:14 UTC] mail() on [/home/u241751678/domains/casacentroserviciotecnico.com/public_html/controller/Login_Controller.php:66]: To: maroces19@gmail.com -- Headers: MIME-Version: 1.0  Content-type: text/html; charset=utf-8 -- Subject: Productos Agotandose
[06-May-2022 14:14:01 UTC] mail() on [/home/u241751678/domains/casacentroserviciotecnico.com/public_html/controller/Login_Controller.php:66]: To: maroces19@gmail.com -- Headers: MIME-Version: 1.0  Content-type: text/html; charset=utf-8 -- Subject: Productos Agotandose
[07-May-2022 00:21:02 UTC] mail() on [/home/u241751678/domains/casacentroserviciotecnico.com/public_html/controller/Login_Controller.php:66]: To: maroces19@gmail.com -- Headers: MIME-Version: 1.0  Content-type: text/html; charset=utf-8 -- Subject: Productos Agotandose
[07-May-2022 00:21:43 UTC] mail() on [/home/u241751678/domains/casacentroserviciotecnico.com/public_html/controller/Login_Controller.php:66]: To: maroces19@gmail.com -- Headers: MIME-Version: 1.0  Content-type: text/html; charset=utf-8 -- Subject: Productos Agotandose
[07-May-2022 01:11:59 UTC] mail() on [/home/u241751678/domains/casacentroserviciotecnico.com/public_html/controller/Login_Controller.php:66]: To: maroces19@gmail.com -- Headers: MIME-Version: 1.0  Content-type: text/html; charset=utf-8 -- Subject: Productos Agotandose
[07-May-2022 13:07:00 UTC] mail() on [/home/u241751678/domains/casacentroserviciotecnico.com/public_html/controller/Login_Controller.php:66]: To: maroces19@gmail.com -- Headers: MIME-Version: 1.0  Content-type: text/html; charset=utf-8 -- Subject: Productos Agotandose
[09-May-2022 13:09:21 UTC] mail() on [/home/u241751678/domains/casacentroserviciotecnico.com/public_html/controller/Login_Controller.php:66]: To: maroces19@gmail.com -- Headers: MIME-Version: 1.0  Content-type: text/html; charset=utf-8 -- Subject: Productos Agotandose
[09-May-2022 13:09:23 UTC] mail() on [/home/u241751678/domains/casacentroserviciotecnico.com/public_html/controller/Login_Controller.php:66]: To: maroces19@gmail.com -- Headers: MIME-Version: 1.0  Content-type: text/html; charset=utf-8 -- Subject: Productos Agotandose
[09-May-2022 21:34:26 UTC] mail() on [/home/u241751678/domains/casacentroserviciotecnico.com/public_html/controller/Login_Controller.php:66]: To: maroces19@gmail.com -- Headers: MIME-Version: 1.0  Content-type: text/html; charset=utf-8 -- Subject: Productos Agotandose
[09-May-2022 21:41:12 UTC] mail() on [/home/u241751678/domains/casacentroserviciotecnico.com/public_html/controller/Login_Controller.php:66]: To: maroces19@gmail.com -- Headers: MIME-Version: 1.0  Content-type: text/html; charset=utf-8 -- Subject: Productos Agotandose
[09-May-2022 22:07:24 UTC] mail() on [/home/u241751678/domains/casacentroserviciotecnico.com/public_html/controller/Login_Controller.php:66]: To: maroces19@gmail.com -- Headers: MIME-Version: 1.0  Content-type: text/html; charset=utf-8 -- Subject: Productos Agotandose
[10-May-2022 12:57:27 UTC] mail() on [/home/u241751678/domains/casacentroserviciotecnico.com/public_html/controller/Login_Controller.php:66]: To: maroces19@gmail.com -- Headers: MIME-Version: 1.0  Content-type: text/html; charset=utf-8 -- Subject: Productos Agotandose
[11-May-2022 13:01:54 UTC] mail() on [/home/u241751678/domains/casacentroserviciotecnico.com/public_html/controller/Login_Controller.php:66]: To: maroces19@gmail.com -- Headers: MIME-Version: 1.0  Content-type: text/html; charset=utf-8 -- Subject: Productos Agotandose
[12-May-2022 13:30:08 UTC] mail() on [/home/u241751678/domains/casacentroserviciotecnico.com/public_html/controller/Login_Controller.php:66]: To: maroces19@gmail.com -- Headers: MIME-Version: 1.0  Content-type: text/html; charset=utf-8 -- Subject: Productos Agotandose
[12-May-2022 14:45:53 UTC] mail() on [/home/u241751678/domains/casacentroserviciotecnico.com/public_html/controller/Login_Controller.php:66]: To: maroces19@gmail.com -- Headers: MIME-Version: 1.0  Content-type: text/html; charset=utf-8 -- Subject: Productos Agotandose
[12-May-2022 14:46:12 UTC] mail() on [/home/u241751678/domains/casacentroserviciotecnico.com/public_html/controller/Login_Controller.php:66]: To: maroces19@gmail.com -- Headers: MIME-Version: 1.0  Content-type: text/html; charset=utf-8 -- Subject: Productos Agotandose
[13-May-2022 13:03:12 UTC] mail() on [/home/u241751678/domains/casacentroserviciotecnico.com/public_html/controller/Login_Controller.php:66]: To: maroces19@gmail.com -- Headers: MIME-Version: 1.0  Content-type: text/html; charset=utf-8 -- Subject: Productos Agotandose
[14-May-2022 13:09:00 UTC] mail() on [/home/u241751678/domains/casacentroserviciotecnico.com/public_html/controller/Login_Controller.php:66]: To: maroces19@gmail.com -- Headers: MIME-Version: 1.0  Content-type: text/html; charset=utf-8 -- Subject: Productos Agotandose
[14-May-2022 21:24:51 UTC] mail() on [/home/u241751678/domains/casacentroserviciotecnico.com/public_html/controller/Login_Controller.php:66]: To: maroces19@gmail.com -- Headers: MIME-Version: 1.0  Content-type: text/html; charset=utf-8 -- Subject: Productos Agotandose
[16-May-2022 13:24:29 UTC] mail() on [/home/u241751678/domains/casacentroserviciotecnico.com/public_html/controller/Login_Controller.php:66]: To: maroces19@gmail.com -- Headers: MIME-Version: 1.0  Content-type: text/html; charset=utf-8 -- Subject: Productos Agotandose
[17-May-2022 13:12:31 UTC] mail() on [/home/u241751678/domains/casacentroserviciotecnico.com/public_html/controller/Login_Controller.php:66]: To: maroces19@gmail.com -- Headers: MIME-Version: 1.0  Content-type: text/html; charset=utf-8 -- Subject: Productos Agotandose
[17-May-2022 19:37:00 UTC] mail() on [/home/u241751678/domains/casacentroserviciotecnico.com/public_html/controller/Login_Controller.php:66]: To: maroces19@gmail.com -- Headers: MIME-Version: 1.0  Content-type: text/html; charset=utf-8 -- Subject: Productos Agotandose
[17-May-2022 22:27:45 UTC] mail() on [/home/u241751678/domains/casacentroserviciotecnico.com/public_html/controller/Login_Controller.php:66]: To: maroces19@gmail.com -- Headers: MIME-Version: 1.0  Content-type: text/html; charset=utf-8 -- Subject: Productos Agotandose
[18-May-2022 12:55:08 UTC] mail() on [/home/u241751678/domains/casacentroserviciotecnico.com/public_html/controller/Login_Controller.php:66]: To: maroces19@gmail.com -- Headers: MIME-Version: 1.0  Content-type: text/html; charset=utf-8 -- Subject: Productos Agotandose
[19-May-2022 12:51:59 UTC] mail() on [/home/u241751678/domains/casacentroserviciotecnico.com/public_html/controller/Login_Controller.php:66]: To: maroces19@gmail.com -- Headers: MIME-Version: 1.0  Content-type: text/html; charset=utf-8 -- Subject: Productos Agotandose
[20-May-2022 12:59:45 UTC] mail() on [/home/u241751678/domains/casacentroserviciotecnico.com/public_html/controller/Login_Controller.php:66]: To: maroces19@gmail.com -- Headers: MIME-Version: 1.0  Content-type: text/html; charset=utf-8 -- Subject: Productos Agotandose
[20-May-2022 18:14:07 UTC] mail() on [/home/u241751678/domains/casacentroserviciotecnico.com/public_html/controller/Login_Controller.php:66]: To: maroces19@gmail.com -- Headers: MIME-Version: 1.0  Content-type: text/html; charset=utf-8 -- Subject: Productos Agotandose
[20-May-2022 21:18:05 UTC] mail() on [/home/u241751678/domains/casacentroserviciotecnico.com/public_html/controller/Login_Controller.php:66]: To: maroces19@gmail.com -- Headers: MIME-Version: 1.0  Content-type: text/html; charset=utf-8 -- Subject: Productos Agotandose
[21-May-2022 12:56:14 UTC] mail() on [/home/u241751678/domains/casacentroserviciotecnico.com/public_html/controller/Login_Controller.php:66]: To: maroces19@gmail.com -- Headers: MIME-Version: 1.0  Content-type: text/html; charset=utf-8 -- Subject: Productos Agotandose
[22-May-2022 01:48:44 UTC] mail() on [/home/u241751678/domains/casacentroserviciotecnico.com/public_html/controller/Login_Controller.php:66]: To: maroces19@gmail.com -- Headers: MIME-Version: 1.0  Content-type: text/html; charset=utf-8 -- Subject: Productos Agotandose
[23-May-2022 12:50:40 UTC] mail() on [/home/u241751678/domains/casacentroserviciotecnico.com/public_html/controller/Login_Controller.php:66]: To: maroces19@gmail.com -- Headers: MIME-Version: 1.0  Content-type: text/html; charset=utf-8 -- Subject: Productos Agotandose
[24-May-2022 11:30:39 UTC] mail() on [/home/u241751678/domains/casacentroserviciotecnico.com/public_html/controller/Login_Controller.php:66]: To: maroces19@gmail.com -- Headers: MIME-Version: 1.0  Content-type: text/html; charset=utf-8 -- Subject: Productos Agotandose
[24-May-2022 12:56:19 UTC] mail() on [/home/u241751678/domains/casacentroserviciotecnico.com/public_html/controller/Login_Controller.php:66]: To: maroces19@gmail.com -- Headers: MIME-Version: 1.0  Content-type: text/html; charset=utf-8 -- Subject: Productos Agotandose
[25-May-2022 12:57:19 UTC] mail() on [/home/u241751678/domains/casacentroserviciotecnico.com/public_html/controller/Login_Controller.php:66]: To: maroces19@gmail.com -- Headers: MIME-Version: 1.0  Content-type: text/html; charset=utf-8 -- Subject: Productos Agotandose
[25-May-2022 22:16:03 UTC] mail() on [/home/u241751678/domains/casacentroserviciotecnico.com/public_html/controller/Login_Controller.php:66]: To: maroces19@gmail.com -- Headers: MIME-Version: 1.0  Content-type: text/html; charset=utf-8 -- Subject: Productos Agotandose
[25-May-2022 22:17:18 UTC] mail() on [/home/u241751678/domains/casacentroserviciotecnico.com/public_html/controller/Login_Controller.php:66]: To: maroces19@gmail.com -- Headers: MIME-Version: 1.0  Content-type: text/html; charset=utf-8 -- Subject: Productos Agotandose
[26-May-2022 12:59:50 UTC] mail() on [/home/u241751678/domains/casacentroserviciotecnico.com/public_html/controller/Login_Controller.php:66]: To: maroces19@gmail.com -- Headers: MIME-Version: 1.0  Content-type: text/html; charset=utf-8 -- Subject: Productos Agotandose
[26-May-2022 22:51:17 UTC] mail() on [/home/u241751678/domains/casacentroserviciotecnico.com/public_html/controller/Login_Controller.php:66]: To: maroces19@gmail.com -- Headers: MIME-Version: 1.0  Content-type: text/html; charset=utf-8 -- Subject: Productos Agotandose
[27-May-2022 00:17:40 UTC] mail() on [/home/u241751678/domains/casacentroserviciotecnico.com/public_html/controller/Login_Controller.php:66]: To: maroces19@gmail.com -- Headers: MIME-Version: 1.0  Content-type: text/html; charset=utf-8 -- Subject: Productos Agotandose
[27-May-2022 00:52:41 UTC] mail() on [/home/u241751678/domains/casacentroserviciotecnico.com/public_html/controller/Login_Controller.php:66]: To: maroces19@gmail.com -- Headers: MIME-Version: 1.0  Content-type: text/html; charset=utf-8 -- Subject: Productos Agotandose
[27-May-2022 12:52:33 UTC] mail() on [/home/u241751678/domains/casacentroserviciotecnico.com/public_html/controller/Login_Controller.php:66]: To: maroces19@gmail.com -- Headers: MIME-Version: 1.0  Content-type: text/html; charset=utf-8 -- Subject: Productos Agotandose
[27-May-2022 14:07:58 UTC] mail() on [/home/u241751678/domains/casacentroserviciotecnico.com/public_html/controller/Login_Controller.php:66]: To: maroces19@gmail.com -- Headers: MIME-Version: 1.0  Content-type: text/html; charset=utf-8 -- Subject: Productos Agotandose
[28-May-2022 12:58:12 UTC] mail() on [/home/u241751678/domains/casacentroserviciotecnico.com/public_html/controller/Login_Controller.php:66]: To: maroces19@gmail.com -- Headers: MIME-Version: 1.0  Content-type: text/html; charset=utf-8 -- Subject: Productos Agotandose
[31-May-2022 12:59:44 UTC] mail() on [/home/u241751678/domains/casacentroserviciotecnico.com/public_html/controller/Login_Controller.php:66]: To: maroces19@gmail.com -- Headers: MIME-Version: 1.0  Content-type: text/html; charset=utf-8 -- Subject: Productos Agotandose
[01-Jun-2022 12:59:46 UTC] mail() on [/home/u241751678/domains/casacentroserviciotecnico.com/public_html/controller/Login_Controller.php:66]: To: maroces19@gmail.com -- Headers: MIME-Version: 1.0  Content-type: text/html; charset=utf-8 -- Subject: Productos Agotandose
[02-Jun-2022 13:02:16 UTC] mail() on [/home/u241751678/domains/casacentroserviciotecnico.com/public_html/controller/Login_Controller.php:66]: To: maroces19@gmail.com -- Headers: MIME-Version: 1.0  Content-type: text/html; charset=utf-8 -- Subject: Productos Agotandose
[03-Jun-2022 12:56:57 UTC] mail() on [/home/u241751678/domains/casacentroserviciotecnico.com/public_html/controller/Login_Controller.php:66]: To: maroces19@gmail.com -- Headers: MIME-Version: 1.0  Content-type: text/html; charset=utf-8 -- Subject: Productos Agotandose
[04-Jun-2022 01:39:57 UTC] mail() on [/home/u241751678/domains/casacentroserviciotecnico.com/public_html/controller/Login_Controller.php:66]: To: maroces19@gmail.com -- Headers: MIME-Version: 1.0  Content-type: text/html; charset=utf-8 -- Subject: Productos Agotandose
[04-Jun-2022 10:57:43 UTC] mail() on [/home/u241751678/domains/casacentroserviciotecnico.com/public_html/controller/Login_Controller.php:66]: To: maroces19@gmail.com -- Headers: MIME-Version: 1.0  Content-type: text/html; charset=utf-8 -- Subject: Productos Agotandose
[04-Jun-2022 12:55:17 UTC] mail() on [/home/u241751678/domains/casacentroserviciotecnico.com/public_html/controller/Login_Controller.php:66]: To: maroces19@gmail.com -- Headers: MIME-Version: 1.0  Content-type: text/html; charset=utf-8 -- Subject: Productos Agotandose
[04-Jun-2022 23:10:29 UTC] mail() on [/home/u241751678/domains/casacentroserviciotecnico.com/public_html/controller/Login_Controller.php:66]: To: maroces19@gmail.com -- Headers: MIME-Version: 1.0  Content-type: text/html; charset=utf-8 -- Subject: Productos Agotandose
[06-Jun-2022 12:56:14 UTC] mail() on [/home/u241751678/domains/casacentroserviciotecnico.com/public_html/controller/Login_Controller.php:66]: To: maroces19@gmail.com -- Headers: MIME-Version: 1.0  Content-type: text/html; charset=utf-8 -- Subject: Productos Agotandose
[07-Jun-2022 12:58:20 UTC] mail() on [/home/u241751678/domains/casacentroserviciotecnico.com/public_html/controller/Login_Controller.php:66]: To: maroces19@gmail.com -- Headers: MIME-Version: 1.0  Content-type: text/html; charset=utf-8 -- Subject: Productos Agotandose
[07-Jun-2022 19:44:09 UTC] mail() on [/home/u241751678/domains/casacentroserviciotecnico.com/public_html/controller/Login_Controller.php:66]: To: maroces19@gmail.com -- Headers: MIME-Version: 1.0  Content-type: text/html; charset=utf-8 -- Subject: Productos Agotandose
[08-Jun-2022 13:02:54 UTC] mail() on [/home/u241751678/domains/casacentroserviciotecnico.com/public_html/controller/Login_Controller.php:66]: To: maroces19@gmail.com -- Headers: MIME-Version: 1.0  Content-type: text/html; charset=utf-8 -- Subject: Productos Agotandose
[09-Jun-2022 13:34:54 UTC] mail() on [/home/u241751678/domains/casacentroserviciotecnico.com/public_html/controller/Login_Controller.php:66]: To: maroces19@gmail.com -- Headers: MIME-Version: 1.0  Content-type: text/html; charset=utf-8 -- Subject: Productos Agotandose
[09-Jun-2022 23:02:25 UTC] mail() on [/home/u241751678/domains/casacentroserviciotecnico.com/public_html/controller/Login_Controller.php:66]: To: maroces19@gmail.com -- Headers: MIME-Version: 1.0  Content-type: text/html; charset=utf-8 -- Subject: Productos Agotandose
[10-Jun-2022 13:17:36 UTC] mail() on [/home/u241751678/domains/casacentroserviciotecnico.com/public_html/controller/Login_Controller.php:66]: To: maroces19@gmail.com -- Headers: MIME-Version: 1.0  Content-type: text/html; charset=utf-8 -- Subject: Productos Agotandose
[10-Jun-2022 21:13:38 UTC] mail() on [/home/u241751678/domains/casacentroserviciotecnico.com/public_html/controller/Login_Controller.php:66]: To: maroces19@gmail.com -- Headers: MIME-Version: 1.0  Content-type: text/html; charset=utf-8 -- Subject: Productos Agotandose
[10-Jun-2022 21:13:50 UTC] mail() on [/home/u241751678/domains/casacentroserviciotecnico.com/public_html/controller/Login_Controller.php:66]: To: maroces19@gmail.com -- Headers: MIME-Version: 1.0  Content-type: text/html; charset=utf-8 -- Subject: Productos Agotandose
[11-Jun-2022 02:05:13 UTC] mail() on [/home/u241751678/domains/casacentroserviciotecnico.com/public_html/controller/Login_Controller.php:66]: To: maroces19@gmail.com -- Headers: MIME-Version: 1.0  Content-type: text/html; charset=utf-8 -- Subject: Productos Agotandose
[11-Jun-2022 12:53:27 UTC] mail() on [/home/u241751678/domains/casacentroserviciotecnico.com/public_html/controller/Login_Controller.php:66]: To: maroces19@gmail.com -- Headers: MIME-Version: 1.0  Content-type: text/html; charset=utf-8 -- Subject: Productos Agotandose
[11-Jun-2022 23:04:41 UTC] mail() on [/home/u241751678/domains/casacentroserviciotecnico.com/public_html/controller/Login_Controller.php:66]: To: maroces19@gmail.com -- Headers: MIME-Version: 1.0  Content-type: text/html; charset=utf-8 -- Subject: Productos Agotandose
[13-Jun-2022 13:06:32 UTC] mail() on [/home/u241751678/domains/casacentroserviciotecnico.com/public_html/controller/Login_Controller.php:66]: To: maroces19@gmail.com -- Headers: MIME-Version: 1.0  Content-type: text/html; charset=utf-8 -- Subject: Productos Agotandose
[14-Jun-2022 12:56:19 UTC] mail() on [/home/u241751678/domains/casacentroserviciotecnico.com/public_html/controller/Login_Controller.php:66]: To: maroces19@gmail.com -- Headers: MIME-Version: 1.0  Content-type: text/html; charset=utf-8 -- Subject: Productos Agotandose
[15-Jun-2022 13:20:26 UTC] mail() on [/home/u241751678/domains/casacentroserviciotecnico.com/public_html/controller/Login_Controller.php:66]: To: maroces19@gmail.com -- Headers: MIME-Version: 1.0  Content-type: text/html; charset=utf-8 -- Subject: Productos Agotandose
[16-Jun-2022 00:02:41 UTC] mail() on [/home/u241751678/domains/casacentroserviciotecnico.com/public_html/controller/Login_Controller.php:66]: To: maroces19@gmail.com -- Headers: MIME-Version: 1.0  Content-type: text/html; charset=utf-8 -- Subject: Productos Agotandose
[16-Jun-2022 12:59:56 UTC] mail() on [/home/u241751678/domains/casacentroserviciotecnico.com/public_html/controller/Login_Controller.php:66]: To: maroces19@gmail.com -- Headers: MIME-Version: 1.0  Content-type: text/html; charset=utf-8 -- Subject: Productos Agotandose
[16-Jun-2022 13:00:01 UTC] mail() on [/home/u241751678/domains/casacentroserviciotecnico.com/public_html/controller/Login_Controller.php:66]: To: maroces19@gmail.com -- Headers: MIME-Version: 1.0  Content-type: text/html; charset=utf-8 -- Subject: Productos Agotandose
[17-Jun-2022 12:23:33 UTC] mail() on [/home/u241751678/domains/casacentroserviciotecnico.com/public_html/controller/Login_Controller.php:66]: To: maroces19@gmail.com -- Headers: MIME-Version: 1.0  Content-type: text/html; charset=utf-8 -- Subject: Productos Agotandose
[17-Jun-2022 13:26:56 UTC] mail() on [/home/u241751678/domains/casacentroserviciotecnico.com/public_html/controller/Login_Controller.php:66]: To: maroces19@gmail.com -- Headers: MIME-Version: 1.0  Content-type: text/html; charset=utf-8 -- Subject: Productos Agotandose
[18-Jun-2022 13:06:11 UTC] mail() on [/home/u241751678/domains/casacentroserviciotecnico.com/public_html/controller/Login_Controller.php:66]: To: maroces19@gmail.com -- Headers: MIME-Version: 1.0  Content-type: text/html; charset=utf-8 -- Subject: Productos Agotandose
[19-Jun-2022 02:57:53 UTC] mail() on [/home/u241751678/domains/casacentroserviciotecnico.com/public_html/controller/Login_Controller.php:66]: To: maroces19@gmail.com -- Headers: MIME-Version: 1.0  Content-type: text/html; charset=utf-8 -- Subject: Productos Agotandose
[21-Jun-2022 13:07:02 UTC] mail() on [/home/u241751678/domains/casacentroserviciotecnico.com/public_html/controller/Login_Controller.php:66]: To: maroces19@gmail.com -- Headers: MIME-Version: 1.0  Content-type: text/html; charset=utf-8 -- Subject: Productos Agotandose
[22-Jun-2022 12:58:41 UTC] mail() on [/home/u241751678/domains/casacentroserviciotecnico.com/public_html/controller/Login_Controller.php:66]: To: maroces19@gmail.com -- Headers: MIME-Version: 1.0  Content-type: text/html; charset=utf-8 -- Subject: Productos Agotandose
[23-Jun-2022 12:54:53 UTC] mail() on [/home/u241751678/domains/casacentroserviciotecnico.com/public_html/controller/Login_Controller.php:66]: To: maroces19@gmail.com -- Headers: MIME-Version: 1.0  Content-type: text/html; charset=utf-8 -- Subject: Productos Agotandose
[24-Jun-2022 12:58:11 UTC] mail() on [/home/u241751678/domains/casacentroserviciotecnico.com/public_html/controller/Login_Controller.php:66]: To: maroces19@gmail.com -- Headers: MIME-Version: 1.0  Content-type: text/html; charset=utf-8 -- Subject: Productos Agotandose
[25-Jun-2022 13:22:54 UTC] mail() on [/home/u241751678/domains/casacentroserviciotecnico.com/public_html/controller/Login_Controller.php:66]: To: maroces19@gmail.com -- Headers: MIME-Version: 1.0  Content-type: text/html; charset=utf-8 -- Subject: Productos Agotandose
[28-Jun-2022 13:07:41 UTC] mail() on [/home/u241751678/domains/casacentroserviciotecnico.com/public_html/controller/Login_Controller.php:66]: To: maroces19@gmail.com -- Headers: MIME-Version: 1.0  Content-type: text/html; charset=utf-8 -- Subject: Productos Agotandose
[29-Jun-2022 13:09:14 UTC] mail() on [/home/u241751678/domains/casacentroserviciotecnico.com/public_html/controller/Login_Controller.php:66]: To: maroces19@gmail.com -- Headers: MIME-Version: 1.0  Content-type: text/html; charset=utf-8 -- Subject: Productos Agotandose
[29-Jun-2022 16:20:02 UTC] mail() on [/home/u241751678/domains/casacentroserviciotecnico.com/public_html/controller/Login_Controller.php:66]: To: maroces19@gmail.com -- Headers: MIME-Version: 1.0  Content-type: text/html; charset=utf-8 -- Subject: Productos Agotandose
[30-Jun-2022 13:15:25 UTC] mail() on [/home/u241751678/domains/casacentroserviciotecnico.com/public_html/controller/Login_Controller.php:66]: To: maroces19@gmail.com -- Headers: MIME-Version: 1.0  Content-type: text/html; charset=utf-8 -- Subject: Productos Agotandose
[30-Jun-2022 23:55:48 UTC] mail() on [/home/u241751678/domains/casacentroserviciotecnico.com/public_html/controller/Login_Controller.php:66]: To: maroces19@gmail.com -- Headers: MIME-Version: 1.0  Content-type: text/html; charset=utf-8 -- Subject: Productos Agotandose
[01-Jul-2022 01:06:45 UTC] mail() on [/home/u241751678/domains/casacentroserviciotecnico.com/public_html/controller/Login_Controller.php:66]: To: maroces19@gmail.com -- Headers: MIME-Version: 1.0  Content-type: text/html; charset=utf-8 -- Subject: Productos Agotandose
[01-Jul-2022 13:08:37 UTC] mail() on [/home/u241751678/domains/casacentroserviciotecnico.com/public_html/controller/Login_Controller.php:66]: To: maroces19@gmail.com -- Headers: MIME-Version: 1.0  Content-type: text/html; charset=utf-8 -- Subject: Productos Agotandose
[02-Jul-2022 02:57:22 UTC] mail() on [/home/u241751678/domains/casacentroserviciotecnico.com/public_html/controller/Login_Controller.php:66]: To: maroces19@gmail.com -- Headers: MIME-Version: 1.0  Content-type: text/html; charset=utf-8 -- Subject: Productos Agotandose
[02-Jul-2022 13:17:55 UTC] mail() on [/home/u241751678/domains/casacentroserviciotecnico.com/public_html/controller/Login_Controller.php:66]: To: maroces19@gmail.com -- Headers: MIME-Version: 1.0  Content-type: text/html; charset=utf-8 -- Subject: Productos Agotandose
[02-Jul-2022 15:33:44 UTC] mail() on [/home/u241751678/domains/casacentroserviciotecnico.com/public_html/controller/Login_Controller.php:66]: To: maroces19@gmail.com -- Headers: MIME-Version: 1.0  Content-type: text/html; charset=utf-8 -- Subject: Productos Agotandose
[05-Jul-2022 13:07:41 UTC] mail() on [/home/u241751678/domains/casacentroserviciotecnico.com/public_html/controller/Login_Controller.php:66]: To: maroces19@gmail.com -- Headers: MIME-Version: 1.0  Content-type: text/html; charset=utf-8 -- Subject: Productos Agotandose
[06-Jul-2022 13:03:39 UTC] mail() on [/home/u241751678/domains/casacentroserviciotecnico.com/public_html/controller/Login_Controller.php:66]: To: maroces19@gmail.com -- Headers: MIME-Version: 1.0  Content-type: text/html; charset=utf-8 -- Subject: Productos Agotandose
[07-Jul-2022 13:04:50 UTC] mail() on [/home/u241751678/domains/casacentroserviciotecnico.com/public_html/controller/Login_Controller.php:66]: To: maroces19@gmail.com -- Headers: MIME-Version: 1.0  Content-type: text/html; charset=utf-8 -- Subject: Productos Agotandose
[07-Jul-2022 21:24:23 UTC] mail() on [/home/u241751678/domains/casacentroserviciotecnico.com/public_html/controller/Login_Controller.php:66]: To: maroces19@gmail.com -- Headers: MIME-Version: 1.0  Content-type: text/html; charset=utf-8 -- Subject: Productos Agotandose
[08-Jul-2022 12:54:48 UTC] mail() on [/home/u241751678/domains/casacentroserviciotecnico.com/public_html/controller/Login_Controller.php:66]: To: maroces19@gmail.com -- Headers: MIME-Version: 1.0  Content-type: text/html; charset=utf-8 -- Subject: Productos Agotandose
[09-Jul-2022 13:05:54 UTC] mail() on [/home/u241751678/domains/casacentroserviciotecnico.com/public_html/controller/Login_Controller.php:66]: To: maroces19@gmail.com -- Headers: MIME-Version: 1.0  Content-type: text/html; charset=utf-8 -- Subject: Productos Agotandose
[09-Jul-2022 16:23:03 UTC] mail() on [/home/u241751678/domains/casacentroserviciotecnico.com/public_html/controller/Login_Controller.php:66]: To: maroces19@gmail.com -- Headers: MIME-Version: 1.0  Content-type: text/html; charset=utf-8 -- Subject: Productos Agotandose
[11-Jul-2022 12:58:22 UTC] mail() on [/home/u241751678/domains/casacentroserviciotecnico.com/public_html/controller/Login_Controller.php:66]: To: maroces19@gmail.com -- Headers: MIME-Version: 1.0  Content-type: text/html; charset=utf-8 -- Subject: Productos Agotandose
[12-Jul-2022 13:01:07 UTC] mail() on [/home/u241751678/domains/casacentroserviciotecnico.com/public_html/controller/Login_Controller.php:66]: To: maroces19@gmail.com -- Headers: MIME-Version: 1.0  Content-type: text/html; charset=utf-8 -- Subject: Productos Agotandose
[13-Jul-2022 13:02:32 UTC] mail() on [/home/u241751678/domains/casacentroserviciotecnico.com/public_html/controller/Login_Controller.php:66]: To: maroces19@gmail.com -- Headers: MIME-Version: 1.0  Content-type: text/html; charset=utf-8 -- Subject: Productos Agotandose
[14-Jul-2022 13:00:36 UTC] mail() on [/home/u241751678/domains/casacentroserviciotecnico.com/public_html/controller/Login_Controller.php:66]: To: maroces19@gmail.com -- Headers: MIME-Version: 1.0  Content-type: text/html; charset=utf-8 -- Subject: Productos Agotandose
[14-Jul-2022 14:15:58 UTC] mail() on [/home/u241751678/domains/casacentroserviciotecnico.com/public_html/controller/Login_Controller.php:66]: To: maroces19@gmail.com -- Headers: MIME-Version: 1.0  Content-type: text/html; charset=utf-8 -- Subject: Productos Agotandose
[15-Jul-2022 13:01:06 UTC] mail() on [/home/u241751678/domains/casacentroserviciotecnico.com/public_html/controller/Login_Controller.php:66]: To: maroces19@gmail.com -- Headers: MIME-Version: 1.0  Content-type: text/html; charset=utf-8 -- Subject: Productos Agotandose
[16-Jul-2022 13:16:58 UTC] mail() on [/home/u241751678/domains/casacentroserviciotecnico.com/public_html/controller/Login_Controller.php:66]: To: maroces19@gmail.com -- Headers: MIME-Version: 1.0  Content-type: text/html; charset=utf-8 -- Subject: Productos Agotandose
[16-Jul-2022 13:17:06 UTC] mail() on [/home/u241751678/domains/casacentroserviciotecnico.com/public_html/controller/Login_Controller.php:66]: To: maroces19@gmail.com -- Headers: MIME-Version: 1.0  Content-type: text/html; charset=utf-8 -- Subject: Productos Agotandose
[18-Jul-2022 12:55:41 UTC] mail() on [/home/u241751678/domains/casacentroserviciotecnico.com/public_html/controller/Login_Controller.php:66]: To: maroces19@gmail.com -- Headers: MIME-Version: 1.0  Content-type: text/html; charset=utf-8 -- Subject: Productos Agotandose
[18-Jul-2022 22:56:03 UTC] mail() on [/home/u241751678/domains/casacentroserviciotecnico.com/public_html/controller/Login_Controller.php:66]: To: maroces19@gmail.com -- Headers: MIME-Version: 1.0  Content-type: text/html; charset=utf-8 -- Subject: Productos Agotandose
[18-Jul-2022 22:57:49 UTC] mail() on [/home/u241751678/domains/casacentroserviciotecnico.com/public_html/controller/Login_Controller.php:66]: To: maroces19@gmail.com -- Headers: MIME-Version: 1.0  Content-type: text/html; charset=utf-8 -- Subject: Productos Agotandose
[19-Jul-2022 13:08:15 UTC] mail() on [/home/u241751678/domains/casacentroserviciotecnico.com/public_html/controller/Login_Controller.php:66]: To: maroces19@gmail.com -- Headers: MIME-Version: 1.0  Content-type: text/html; charset=utf-8 -- Subject: Productos Agotandose
[19-Jul-2022 23:01:38 UTC] mail() on [/home/u241751678/domains/casacentroserviciotecnico.com/public_html/controller/Login_Controller.php:66]: To: maroces19@gmail.com -- Headers: MIME-Version: 1.0  Content-type: text/html; charset=utf-8 -- Subject: Productos Agotandose
[20-Jul-2022 00:28:13 UTC] mail() on [/home/u241751678/domains/casacentroserviciotecnico.com/public_html/controller/Login_Controller.php:66]: To: maroces19@gmail.com -- Headers: MIME-Version: 1.0  Content-type: text/html; charset=utf-8 -- Subject: Productos Agotandose
[21-Jul-2022 12:58:06 UTC] mail() on [/home/u241751678/domains/casacentroserviciotecnico.com/public_html/controller/Login_Controller.php:66]: To: maroces19@gmail.com -- Headers: MIME-Version: 1.0  Content-type: text/html; charset=utf-8 -- Subject: Productos Agotandose
[21-Jul-2022 14:18:41 UTC] mail() on [/home/u241751678/domains/casacentroserviciotecnico.com/public_html/controller/Login_Controller.php:66]: To: maroces19@gmail.com -- Headers: MIME-Version: 1.0  Content-type: text/html; charset=utf-8 -- Subject: Productos Agotandose
[21-Jul-2022 14:19:12 UTC] mail() on [/home/u241751678/domains/casacentroserviciotecnico.com/public_html/controller/Login_Controller.php:66]: To: maroces19@gmail.com -- Headers: MIME-Version: 1.0  Content-type: text/html; charset=utf-8 -- Subject: Productos Agotandose
[21-Jul-2022 23:05:32 UTC] mail() on [/home/u241751678/domains/casacentroserviciotecnico.com/public_html/controller/Login_Controller.php:66]: To: maroces19@gmail.com -- Headers: MIME-Version: 1.0  Content-type: text/html; charset=utf-8 -- Subject: Productos Agotandose
[22-Jul-2022 01:33:22 UTC] mail() on [/home/u241751678/domains/casacentroserviciotecnico.com/public_html/controller/Login_Controller.php:66]: To: maroces19@gmail.com -- Headers: MIME-Version: 1.0  Content-type: text/html; charset=utf-8 -- Subject: Productos Agotandose
[22-Jul-2022 13:11:43 UTC] mail() on [/home/u241751678/domains/casacentroserviciotecnico.com/public_html/controller/Login_Controller.php:66]: To: maroces19@gmail.com -- Headers: MIME-Version: 1.0  Content-type: text/html; charset=utf-8 -- Subject: Productos Agotandose
[23-Jul-2022 13:18:17 UTC] mail() on [/home/u241751678/domains/casacentroserviciotecnico.com/public_html/controller/Login_Controller.php:66]: To: maroces19@gmail.com -- Headers: MIME-Version: 1.0  Content-type: text/html; charset=utf-8 -- Subject: Productos Agotandose
[25-Jul-2022 13:08:44 UTC] mail() on [/home/u241751678/domains/casacentroserviciotecnico.com/public_html/controller/Login_Controller.php:66]: To: maroces19@gmail.com -- Headers: MIME-Version: 1.0  Content-type: text/html; charset=utf-8 -- Subject: Productos Agotandose
[25-Jul-2022 22:06:04 UTC] mail() on [/home/u241751678/domains/casacentroserviciotecnico.com/public_html/controller/Login_Controller.php:66]: To: maroces19@gmail.com -- Headers: MIME-Version: 1.0  Content-type: text/html; charset=utf-8 -- Subject: Productos Agotandose
[26-Jul-2022 13:06:01 UTC] mail() on [/home/u241751678/domains/casacentroserviciotecnico.com/public_html/controller/Login_Controller.php:66]: To: maroces19@gmail.com -- Headers: MIME-Version: 1.0  Content-type: text/html; charset=utf-8 -- Subject: Productos Agotandose
[26-Jul-2022 13:54:23 UTC] mail() on [/home/u241751678/domains/casacentroserviciotecnico.com/public_html/controller/Login_Controller.php:66]: To: maroces19@gmail.com -- Headers: MIME-Version: 1.0  Content-type: text/html; charset=utf-8 -- Subject: Productos Agotandose
[26-Jul-2022 15:20:07 UTC] mail() on [/home/u241751678/domains/casacentroserviciotecnico.com/public_html/controller/Login_Controller.php:66]: To: maroces19@gmail.com -- Headers: MIME-Version: 1.0  Content-type: text/html; charset=utf-8 -- Subject: Productos Agotandose
[27-Jul-2022 13:15:10 UTC] mail() on [/home/u241751678/domains/casacentroserviciotecnico.com/public_html/controller/Login_Controller.php:66]: To: maroces19@gmail.com -- Headers: MIME-Version: 1.0  Content-type: text/html; charset=utf-8 -- Subject: Productos Agotandose
[27-Jul-2022 16:51:59 UTC] mail() on [/home/u241751678/domains/casacentroserviciotecnico.com/public_html/controller/Login_Controller.php:66]: To: maroces19@gmail.com -- Headers: MIME-Version: 1.0  Content-type: text/html; charset=utf-8 -- Subject: Productos Agotandose
[28-Jul-2022 12:58:47 UTC] mail() on [/home/u241751678/domains/casacentroserviciotecnico.com/public_html/controller/Login_Controller.php:66]: To: maroces19@gmail.com -- Headers: MIME-Version: 1.0  Content-type: text/html; charset=utf-8 -- Subject: Productos Agotandose
[29-Jul-2022 12:57:58 UTC] mail() on [/home/u241751678/domains/casacentroserviciotecnico.com/public_html/controller/Login_Controller.php:66]: To: maroces19@gmail.com -- Headers: MIME-Version: 1.0  Content-type: text/html; charset=utf-8 -- Subject: Productos Agotandose
[29-Jul-2022 17:00:17 UTC] mail() on [/home/u241751678/domains/casacentroserviciotecnico.com/public_html/controller/Login_Controller.php:66]: To: maroces19@gmail.com -- Headers: MIME-Version: 1.0  Content-type: text/html; charset=utf-8 -- Subject: Productos Agotandose
[29-Jul-2022 18:01:34 UTC] mail() on [/home/u241751678/domains/casacentroserviciotecnico.com/public_html/controller/Login_Controller.php:66]: To: maroces19@gmail.com -- Headers: MIME-Version: 1.0  Content-type: text/html; charset=utf-8 -- Subject: Productos Agotandose
[30-Jul-2022 12:51:14 UTC] mail() on [/home/u241751678/domains/casacentroserviciotecnico.com/public_html/controller/Login_Controller.php:66]: To: maroces19@gmail.com -- Headers: MIME-Version: 1.0  Content-type: text/html; charset=utf-8 -- Subject: Productos Agotandose
[31-Jul-2022 00:50:51 UTC] mail() on [/home/u241751678/domains/casacentroserviciotecnico.com/public_html/controller/Login_Controller.php:66]: To: maroces19@gmail.com -- Headers: MIME-Version: 1.0  Content-type: text/html; charset=utf-8 -- Subject: Productos Agotandose
[01-Aug-2022 03:20:57 UTC] mail() on [/home/u241751678/domains/casacentroserviciotecnico.com/public_html/controller/Login_Controller.php:66]: To: maroces19@gmail.com -- Headers: MIME-Version: 1.0  Content-type: text/html; charset=utf-8 -- Subject: Productos Agotandose
[01-Aug-2022 13:13:36 UTC] mail() on [/home/u241751678/domains/casacentroserviciotecnico.com/public_html/controller/Login_Controller.php:66]: To: maroces19@gmail.com -- Headers: MIME-Version: 1.0  Content-type: text/html; charset=utf-8 -- Subject: Productos Agotandose
[01-Aug-2022 15:19:28 UTC] mail() on [/home/u241751678/domains/casacentroserviciotecnico.com/public_html/controller/Login_Controller.php:66]: To: maroces19@gmail.com -- Headers: MIME-Version: 1.0  Content-type: text/html; charset=utf-8 -- Subject: Productos Agotandose
[02-Aug-2022 02:13:58 UTC] mail() on [/home/u241751678/domains/casacentroserviciotecnico.com/public_html/controller/Login_Controller.php:66]: To: maroces19@gmail.com -- Headers: MIME-Version: 1.0  Content-type: text/html; charset=utf-8 -- Subject: Productos Agotandose
[02-Aug-2022 12:57:51 UTC] mail() on [/home/u241751678/domains/casacentroserviciotecnico.com/public_html/controller/Login_Controller.php:66]: To: maroces19@gmail.com -- Headers: MIME-Version: 1.0  Content-type: text/html; charset=utf-8 -- Subject: Productos Agotandose
[02-Aug-2022 18:56:34 UTC] mail() on [/home/u241751678/domains/casacentroserviciotecnico.com/public_html/controller/Login_Controller.php:66]: To: maroces19@gmail.com -- Headers: MIME-Version: 1.0  Content-type: text/html; charset=utf-8 -- Subject: Productos Agotandose
[03-Aug-2022 13:06:42 UTC] mail() on [/home/u241751678/domains/casacentroserviciotecnico.com/public_html/controller/Login_Controller.php:66]: To: maroces19@gmail.com -- Headers: MIME-Version: 1.0  Content-type: text/html; charset=utf-8 -- Subject: Productos Agotandose
[04-Aug-2022 13:24:04 UTC] mail() on [/home/u241751678/domains/casacentroserviciotecnico.com/public_html/controller/Login_Controller.php:66]: To: maroces19@gmail.com -- Headers: MIME-Version: 1.0  Content-type: text/html; charset=utf-8 -- Subject: Productos Agotandose
[05-Aug-2022 13:14:47 UTC] mail() on [/home/u241751678/domains/casacentroserviciotecnico.com/public_html/controller/Login_Controller.php:66]: To: maroces19@gmail.com -- Headers: MIME-Version: 1.0  Content-type: text/html; charset=utf-8 -- Subject: Productos Agotandose
[05-Aug-2022 13:14:52 UTC] mail() on [/home/u241751678/domains/casacentroserviciotecnico.com/public_html/controller/Login_Controller.php:66]: To: maroces19@gmail.com -- Headers: MIME-Version: 1.0  Content-type: text/html; charset=utf-8 -- Subject: Productos Agotandose
[06-Aug-2022 13:11:12 UTC] mail() on [/home/u241751678/domains/casacentroserviciotecnico.com/public_html/controller/Login_Controller.php:66]: To: maroces19@gmail.com -- Headers: MIME-Version: 1.0  Content-type: text/html; charset=utf-8 -- Subject: Productos Agotandose
[06-Aug-2022 13:39:53 UTC] mail() on [/home/u241751678/domains/casacentroserviciotecnico.com/public_html/controller/Login_Controller.php:66]: To: maroces19@gmail.com -- Headers: MIME-Version: 1.0  Content-type: text/html; charset=utf-8 -- Subject: Productos Agotandose
[06-Aug-2022 13:41:59 UTC] mail() on [/home/u241751678/domains/casacentroserviciotecnico.com/public_html/controller/Login_Controller.php:66]: To: maroces19@gmail.com -- Headers: MIME-Version: 1.0  Content-type: text/html; charset=utf-8 -- Subject: Productos Agotandose
[08-Aug-2022 13:11:15 UTC] mail() on [/home/u241751678/domains/casacentroserviciotecnico.com/public_html/controller/Login_Controller.php:66]: To: maroces19@gmail.com -- Headers: MIME-Version: 1.0  Content-type: text/html; charset=utf-8 -- Subject: Productos Agotandose
[09-Aug-2022 13:00:51 UTC] mail() on [/home/u241751678/domains/casacentroserviciotecnico.com/public_html/controller/Login_Controller.php:66]: To: maroces19@gmail.com -- Headers: MIME-Version: 1.0  Content-type: text/html; charset=utf-8 -- Subject: Productos Agotandose
[09-Aug-2022 20:11:13 UTC] mail() on [/home/u241751678/domains/casacentroserviciotecnico.com/public_html/controller/Login_Controller.php:66]: To: maroces19@gmail.com -- Headers: MIME-Version: 1.0  Content-type: text/html; charset=utf-8 -- Subject: Productos Agotandose
[10-Aug-2022 12:58:36 UTC] mail() on [/home/u241751678/domains/casacentroserviciotecnico.com/public_html/controller/Login_Controller.php:66]: To: maroces19@gmail.com -- Headers: MIME-Version: 1.0  Content-type: text/html; charset=utf-8 -- Subject: Productos Agotandose
[10-Aug-2022 18:55:42 UTC] mail() on [/home/u241751678/domains/casacentroserviciotecnico.com/public_html/controller/Login_Controller.php:66]: To: maroces19@gmail.com -- Headers: MIME-Version: 1.0  Content-type: text/html; charset=utf-8 -- Subject: Productos Agotandose
[11-Aug-2022 13:07:10 UTC] mail() on [/home/u241751678/domains/casacentroserviciotecnico.com/public_html/controller/Login_Controller.php:66]: To: maroces19@gmail.com -- Headers: MIME-Version: 1.0  Content-type: text/html; charset=utf-8 -- Subject: Productos Agotandose
[11-Aug-2022 13:11:03 UTC] mail() on [/home/u241751678/domains/casacentroserviciotecnico.com/public_html/controller/Login_Controller.php:66]: To: maroces19@gmail.com -- Headers: MIME-Version: 1.0  Content-type: text/html; charset=utf-8 -- Subject: Productos Agotandose
[11-Aug-2022 14:19:44 UTC] mail() on [/home/u241751678/domains/casacentroserviciotecnico.com/public_html/controller/Login_Controller.php:66]: To: maroces19@gmail.com -- Headers: MIME-Version: 1.0  Content-type: text/html; charset=utf-8 -- Subject: Productos Agotandose
[11-Aug-2022 18:59:31 UTC] mail() on [/home/u241751678/domains/casacentroserviciotecnico.com/public_html/controller/Login_Controller.php:66]: To: maroces19@gmail.com -- Headers: MIME-Version: 1.0  Content-type: text/html; charset=utf-8 -- Subject: Productos Agotandose
[11-Aug-2022 19:39:29 UTC] mail() on [/home/u241751678/domains/casacentroserviciotecnico.com/public_html/controller/Login_Controller.php:66]: To: maroces19@gmail.com -- Headers: MIME-Version: 1.0  Content-type: text/html; charset=utf-8 -- Subject: Productos Agotandose
[12-Aug-2022 13:03:45 UTC] mail() on [/home/u241751678/domains/casacentroserviciotecnico.com/public_html/controller/Login_Controller.php:66]: To: maroces19@gmail.com -- Headers: MIME-Version: 1.0  Content-type: text/html; charset=utf-8 -- Subject: Productos Agotandose
[12-Aug-2022 15:54:49 UTC] mail() on [/home/u241751678/domains/casacentroserviciotecnico.com/public_html/controller/Login_Controller.php:66]: To: maroces19@gmail.com -- Headers: MIME-Version: 1.0  Content-type: text/html; charset=utf-8 -- Subject: Productos Agotandose
[13-Aug-2022 12:59:03 UTC] mail() on [/home/u241751678/domains/casacentroserviciotecnico.com/public_html/controller/Login_Controller.php:66]: To: maroces19@gmail.com -- Headers: MIME-Version: 1.0  Content-type: text/html; charset=utf-8 -- Subject: Productos Agotandose
[16-Aug-2022 12:54:22 UTC] mail() on [/home/u241751678/domains/casacentroserviciotecnico.com/public_html/controller/Login_Controller.php:66]: To: maroces19@gmail.com -- Headers: MIME-Version: 1.0  Content-type: text/html; charset=utf-8 -- Subject: Productos Agotandose
[17-Aug-2022 12:14:55 UTC] mail() on [/home/u241751678/domains/casacentroserviciotecnico.com/public_html/controller/Login_Controller.php:66]: To: maroces19@gmail.com -- Headers: MIME-Version: 1.0  Content-type: text/html; charset=utf-8 -- Subject: Productos Agotandose
[17-Aug-2022 12:56:38 UTC] mail() on [/home/u241751678/domains/casacentroserviciotecnico.com/public_html/controller/Login_Controller.php:66]: To: maroces19@gmail.com -- Headers: MIME-Version: 1.0  Content-type: text/html; charset=utf-8 -- Subject: Productos Agotandose
[17-Aug-2022 18:32:45 UTC] mail() on [/home/u241751678/domains/casacentroserviciotecnico.com/public_html/controller/Login_Controller.php:66]: To: maroces19@gmail.com -- Headers: MIME-Version: 1.0  Content-type: text/html; charset=utf-8 -- Subject: Productos Agotandose
[17-Aug-2022 21:59:56 UTC] mail() on [/home/u241751678/domains/casacentroserviciotecnico.com/public_html/controller/Login_Controller.php:66]: To: maroces19@gmail.com -- Headers: MIME-Version: 1.0  Content-type: text/html; charset=utf-8 -- Subject: Productos Agotandose
[17-Aug-2022 23:12:34 UTC] mail() on [/home/u241751678/domains/casacentroserviciotecnico.com/public_html/controller/Login_Controller.php:66]: To: maroces19@gmail.com -- Headers: MIME-Version: 1.0  Content-type: text/html; charset=utf-8 -- Subject: Productos Agotandose
[18-Aug-2022 13:02:28 UTC] mail() on [/home/u241751678/domains/casacentroserviciotecnico.com/public_html/controller/Login_Controller.php:66]: To: maroces19@gmail.com -- Headers: MIME-Version: 1.0  Content-type: text/html; charset=utf-8 -- Subject: Productos Agotandose
[19-Aug-2022 12:54:57 UTC] mail() on [/home/u241751678/domains/casacentroserviciotecnico.com/public_html/controller/Login_Controller.php:66]: To: maroces19@gmail.com -- Headers: MIME-Version: 1.0  Content-type: text/html; charset=utf-8 -- Subject: Productos Agotandose
[19-Aug-2022 12:55:22 UTC] mail() on [/home/u241751678/domains/casacentroserviciotecnico.com/public_html/controller/Login_Controller.php:66]: To: maroces19@gmail.com -- Headers: MIME-Version: 1.0  Content-type: text/html; charset=utf-8 -- Subject: Productos Agotandose
[19-Aug-2022 19:30:39 UTC] mail() on [/home/u241751678/domains/casacentroserviciotecnico.com/public_html/controller/Login_Controller.php:66]: To: maroces19@gmail.com -- Headers: MIME-Version: 1.0  Content-type: text/html; charset=utf-8 -- Subject: Productos Agotandose
[19-Aug-2022 20:09:23 UTC] mail() on [/home/u241751678/domains/casacentroserviciotecnico.com/public_html/controller/Login_Controller.php:66]: To: maroces19@gmail.com -- Headers: MIME-Version: 1.0  Content-type: text/html; charset=utf-8 -- Subject: Productos Agotandose
[20-Aug-2022 13:03:11 UTC] mail() on [/home/u241751678/domains/casacentroserviciotecnico.com/public_html/controller/Login_Controller.php:66]: To: maroces19@gmail.com -- Headers: MIME-Version: 1.0  Content-type: text/html; charset=utf-8 -- Subject: Productos Agotandose
[20-Aug-2022 21:18:29 UTC] mail() on [/home/u241751678/domains/casacentroserviciotecnico.com/public_html/controller/Login_Controller.php:66]: To: maroces19@gmail.com -- Headers: MIME-Version: 1.0  Content-type: text/html; charset=utf-8 -- Subject: Productos Agotandose
[20-Aug-2022 21:19:14 UTC] mail() on [/home/u241751678/domains/casacentroserviciotecnico.com/public_html/controller/Login_Controller.php:66]: To: maroces19@gmail.com -- Headers: MIME-Version: 1.0  Content-type: text/html; charset=utf-8 -- Subject: Productos Agotandose
[22-Aug-2022 13:07:51 UTC] mail() on [/home/u241751678/domains/casacentroserviciotecnico.com/public_html/controller/Login_Controller.php:66]: To: maroces19@gmail.com -- Headers: MIME-Version: 1.0  Content-type: text/html; charset=utf-8 -- Subject: Productos Agotandose
[22-Aug-2022 19:56:36 UTC] mail() on [/home/u241751678/domains/casacentroserviciotecnico.com/public_html/controller/Login_Controller.php:66]: To: maroces19@gmail.com -- Headers: MIME-Version: 1.0  Content-type: text/html; charset=utf-8 -- Subject: Productos Agotandose
[22-Aug-2022 19:56:56 UTC] mail() on [/home/u241751678/domains/casacentroserviciotecnico.com/public_html/controller/Login_Controller.php:66]: To: maroces19@gmail.com -- Headers: MIME-Version: 1.0  Content-type: text/html; charset=utf-8 -- Subject: Productos Agotandose
[22-Aug-2022 19:57:26 UTC] mail() on [/home/u241751678/domains/casacentroserviciotecnico.com/public_html/controller/Login_Controller.php:66]: To: maroces19@gmail.com -- Headers: MIME-Version: 1.0  Content-type: text/html; charset=utf-8 -- Subject: Productos Agotandose
[22-Aug-2022 19:57:46 UTC] mail() on [/home/u241751678/domains/casacentroserviciotecnico.com/public_html/controller/Login_Controller.php:66]: To: maroces19@gmail.com -- Headers: MIME-Version: 1.0  Content-type: text/html; charset=utf-8 -- Subject: Productos Agotandose
[22-Aug-2022 20:01:29 UTC] mail() on [/home/u241751678/domains/casacentroserviciotecnico.com/public_html/controller/Login_Controller.php:66]: To: maroces19@gmail.com -- Headers: MIME-Version: 1.0  Content-type: text/html; charset=utf-8 -- Subject: Productos Agotandose
[22-Aug-2022 20:01:44 UTC] mail() on [/home/u241751678/domains/casacentroserviciotecnico.com/public_html/controller/Login_Controller.php:66]: To: maroces19@gmail.com -- Headers: MIME-Version: 1.0  Content-type: text/html; charset=utf-8 -- Subject: Productos Agotandose
[23-Aug-2022 12:55:08 UTC] mail() on [/home/u241751678/domains/casacentroserviciotecnico.com/public_html/controller/Login_Controller.php:66]: To: maroces19@gmail.com -- Headers: MIME-Version: 1.0  Content-type: text/html; charset=utf-8 -- Subject: Productos Agotandose
[23-Aug-2022 12:55:39 UTC] mail() on [/home/u241751678/domains/casacentroserviciotecnico.com/public_html/controller/Login_Controller.php:66]: To: maroces19@gmail.com -- Headers: MIME-Version: 1.0  Content-type: text/html; charset=utf-8 -- Subject: Productos Agotandose
[23-Aug-2022 12:57:21 UTC] mail() on [/home/u241751678/domains/casacentroserviciotecnico.com/public_html/controller/Login_Controller.php:66]: To: maroces19@gmail.com -- Headers: MIME-Version: 1.0  Content-type: text/html; charset=utf-8 -- Subject: Productos Agotandose
[23-Aug-2022 12:57:28 UTC] mail() on [/home/u241751678/domains/casacentroserviciotecnico.com/public_html/controller/Login_Controller.php:66]: To: maroces19@gmail.com -- Headers: MIME-Version: 1.0  Content-type: text/html; charset=utf-8 -- Subject: Productos Agotandose
[23-Aug-2022 20:53:09 UTC] mail() on [/home/u241751678/domains/casacentroserviciotecnico.com/public_html/controller/Login_Controller.php:66]: To: maroces19@gmail.com -- Headers: MIME-Version: 1.0  Content-type: text/html; charset=utf-8 -- Subject: Productos Agotandose
[23-Aug-2022 20:53:35 UTC] mail() on [/home/u241751678/domains/casacentroserviciotecnico.com/public_html/controller/Login_Controller.php:66]: To: maroces19@gmail.com -- Headers: MIME-Version: 1.0  Content-type: text/html; charset=utf-8 -- Subject: Productos Agotandose
[23-Aug-2022 20:55:06 UTC] mail() on [/home/u241751678/domains/casacentroserviciotecnico.com/public_html/controller/Login_Controller.php:66]: To: maroces19@gmail.com -- Headers: MIME-Version: 1.0  Content-type: text/html; charset=utf-8 -- Subject: Productos Agotandose
[23-Aug-2022 20:55:16 UTC] mail() on [/home/u241751678/domains/casacentroserviciotecnico.com/public_html/controller/Login_Controller.php:66]: To: maroces19@gmail.com -- Headers: MIME-Version: 1.0  Content-type: text/html; charset=utf-8 -- Subject: Productos Agotandose
[23-Aug-2022 20:55:41 UTC] mail() on [/home/u241751678/domains/casacentroserviciotecnico.com/public_html/controller/Login_Controller.php:66]: To: maroces19@gmail.com -- Headers: MIME-Version: 1.0  Content-type: text/html; charset=utf-8 -- Subject: Productos Agotandose
[23-Aug-2022 20:55:51 UTC] mail() on [/home/u241751678/domains/casacentroserviciotecnico.com/public_html/controller/Login_Controller.php:66]: To: maroces19@gmail.com -- Headers: MIME-Version: 1.0  Content-type: text/html; charset=utf-8 -- Subject: Productos Agotandose
[23-Aug-2022 20:56:14 UTC] mail() on [/home/u241751678/domains/casacentroserviciotecnico.com/public_html/controller/Login_Controller.php:66]: To: maroces19@gmail.com -- Headers: MIME-Version: 1.0  Content-type: text/html; charset=utf-8 -- Subject: Productos Agotandose
[23-Aug-2022 20:56:55 UTC] mail() on [/home/u241751678/domains/casacentroserviciotecnico.com/public_html/controller/Login_Controller.php:66]: To: maroces19@gmail.com -- Headers: MIME-Version: 1.0  Content-type: text/html; charset=utf-8 -- Subject: Productos Agotandose
[24-Aug-2022 12:52:51 UTC] mail() on [/home/u241751678/domains/casacentroserviciotecnico.com/public_html/controller/Login_Controller.php:66]: To: maroces19@gmail.com -- Headers: MIME-Version: 1.0  Content-type: text/html; charset=utf-8 -- Subject: Productos Agotandose
[24-Aug-2022 12:52:55 UTC] mail() on [/home/u241751678/domains/casacentroserviciotecnico.com/public_html/controller/Login_Controller.php:66]: To: maroces19@gmail.com -- Headers: MIME-Version: 1.0  Content-type: text/html; charset=utf-8 -- Subject: Productos Agotandose
[24-Aug-2022 14:52:12 UTC] mail() on [/home/u241751678/domains/casacentroserviciotecnico.com/public_html/controller/Login_Controller.php:66]: To: maroces19@gmail.com -- Headers: MIME-Version: 1.0  Content-type: text/html; charset=utf-8 -- Subject: Productos Agotandose
[25-Aug-2022 12:58:08 UTC] mail() on [/home/u241751678/domains/casacentroserviciotecnico.com/public_html/controller/Login_Controller.php:66]: To: maroces19@gmail.com -- Headers: MIME-Version: 1.0  Content-type: text/html; charset=utf-8 -- Subject: Productos Agotandose
[25-Aug-2022 12:58:30 UTC] mail() on [/home/u241751678/domains/casacentroserviciotecnico.com/public_html/controller/Login_Controller.php:66]: To: maroces19@gmail.com -- Headers: MIME-Version: 1.0  Content-type: text/html; charset=utf-8 -- Subject: Productos Agotandose
[25-Aug-2022 13:00:57 UTC] mail() on [/home/u241751678/domains/casacentroserviciotecnico.com/public_html/controller/Login_Controller.php:66]: To: maroces19@gmail.com -- Headers: MIME-Version: 1.0  Content-type: text/html; charset=utf-8 -- Subject: Productos Agotandose
[25-Aug-2022 13:01:08 UTC] mail() on [/home/u241751678/domains/casacentroserviciotecnico.com/public_html/controller/Login_Controller.php:66]: To: maroces19@gmail.com -- Headers: MIME-Version: 1.0  Content-type: text/html; charset=utf-8 -- Subject: Productos Agotandose
[25-Aug-2022 16:59:24 UTC] mail() on [/home/u241751678/domains/casacentroserviciotecnico.com/public_html/controller/Login_Controller.php:66]: To: maroces19@gmail.com -- Headers: MIME-Version: 1.0  Content-type: text/html; charset=utf-8 -- Subject: Productos Agotandose
[25-Aug-2022 17:13:53 UTC] mail() on [/home/u241751678/domains/casacentroserviciotecnico.com/public_html/controller/Login_Controller.php:66]: To: maroces19@gmail.com -- Headers: MIME-Version: 1.0  Content-type: text/html; charset=utf-8 -- Subject: Productos Agotandose
[26-Aug-2022 02:32:19 UTC] mail() on [/home/u241751678/domains/casacentroserviciotecnico.com/public_html/controller/Login_Controller.php:66]: To: maroces19@gmail.com -- Headers: MIME-Version: 1.0  Content-type: text/html; charset=utf-8 -- Subject: Productos Agotandose
[26-Aug-2022 12:55:59 UTC] mail() on [/home/u241751678/domains/casacentroserviciotecnico.com/public_html/controller/Login_Controller.php:66]: To: maroces19@gmail.com -- Headers: MIME-Version: 1.0  Content-type: text/html; charset=utf-8 -- Subject: Productos Agotandose
[26-Aug-2022 12:56:03 UTC] mail() on [/home/u241751678/domains/casacentroserviciotecnico.com/public_html/controller/Login_Controller.php:66]: To: maroces19@gmail.com -- Headers: MIME-Version: 1.0  Content-type: text/html; charset=utf-8 -- Subject: Productos Agotandose
[27-Aug-2022 00:56:04 UTC] mail() on [/home/u241751678/domains/casacentroserviciotecnico.com/public_html/controller/Login_Controller.php:66]: To: maroces19@gmail.com -- Headers: MIME-Version: 1.0  Content-type: text/html; charset=utf-8 -- Subject: Productos Agotandose
[27-Aug-2022 01:28:56 UTC] mail() on [/home/u241751678/domains/casacentroserviciotecnico.com/public_html/controller/Login_Controller.php:66]: To: maroces19@gmail.com -- Headers: MIME-Version: 1.0  Content-type: text/html; charset=utf-8 -- Subject: Productos Agotandose
[27-Aug-2022 01:53:40 UTC] mail() on [/home/u241751678/domains/casacentroserviciotecnico.com/public_html/controller/Login_Controller.php:66]: To: maroces19@gmail.com -- Headers: MIME-Version: 1.0  Content-type: text/html; charset=utf-8 -- Subject: Productos Agotandose
[27-Aug-2022 01:53:56 UTC] mail() on [/home/u241751678/domains/casacentroserviciotecnico.com/public_html/controller/Login_Controller.php:66]: To: maroces19@gmail.com -- Headers: MIME-Version: 1.0  Content-type: text/html; charset=utf-8 -- Subject: Productos Agotandose
[27-Aug-2022 13:00:52 UTC] mail() on [/home/u241751678/domains/casacentroserviciotecnico.com/public_html/controller/Login_Controller.php:66]: To: maroces19@gmail.com -- Headers: MIME-Version: 1.0  Content-type: text/html; charset=utf-8 -- Subject: Productos Agotandose
[27-Aug-2022 13:00:58 UTC] mail() on [/home/u241751678/domains/casacentroserviciotecnico.com/public_html/controller/Login_Controller.php:66]: To: maroces19@gmail.com -- Headers: MIME-Version: 1.0  Content-type: text/html; charset=utf-8 -- Subject: Productos Agotandose
[29-Aug-2022 12:54:36 UTC] mail() on [/home/u241751678/domains/casacentroserviciotecnico.com/public_html/controller/Login_Controller.php:66]: To: maroces19@gmail.com -- Headers: MIME-Version: 1.0  Content-type: text/html; charset=utf-8 -- Subject: Productos Agotandose
[29-Aug-2022 12:54:43 UTC] mail() on [/home/u241751678/domains/casacentroserviciotecnico.com/public_html/controller/Login_Controller.php:66]: To: maroces19@gmail.com -- Headers: MIME-Version: 1.0  Content-type: text/html; charset=utf-8 -- Subject: Productos Agotandose
[30-Aug-2022 12:57:37 UTC] mail() on [/home/u241751678/domains/casacentroserviciotecnico.com/public_html/controller/Login_Controller.php:66]: To: maroces19@gmail.com -- Headers: MIME-Version: 1.0  Content-type: text/html; charset=utf-8 -- Subject: Productos Agotandose
[30-Aug-2022 12:57:42 UTC] mail() on [/home/u241751678/domains/casacentroserviciotecnico.com/public_html/controller/Login_Controller.php:66]: To: maroces19@gmail.com -- Headers: MIME-Version: 1.0  Content-type: text/html; charset=utf-8 -- Subject: Productos Agotandose
[31-Aug-2022 12:57:30 UTC] mail() on [/home/u241751678/domains/casacentroserviciotecnico.com/public_html/controller/Login_Controller.php:66]: To: maroces19@gmail.com -- Headers: MIME-Version: 1.0  Content-type: text/html; charset=utf-8 -- Subject: Productos Agotandose
[01-Sep-2022 13:01:09 UTC] mail() on [/home/u241751678/domains/casacentroserviciotecnico.com/public_html/controller/Login_Controller.php:66]: To: maroces19@gmail.com -- Headers: MIME-Version: 1.0  Content-type: text/html; charset=utf-8 -- Subject: Productos Agotandose
[02-Sep-2022 12:57:45 UTC] mail() on [/home/u241751678/domains/casacentroserviciotecnico.com/public_html/controller/Login_Controller.php:66]: To: maroces19@gmail.com -- Headers: MIME-Version: 1.0  Content-type: text/html; charset=utf-8 -- Subject: Productos Agotandose
[03-Sep-2022 03:39:09 UTC] mail() on [/home/u241751678/domains/casacentroserviciotecnico.com/public_html/controller/Login_Controller.php:66]: To: maroces19@gmail.com -- Headers: MIME-Version: 1.0  Content-type: text/html; charset=utf-8 -- Subject: Productos Agotandose
[03-Sep-2022 13:01:25 UTC] mail() on [/home/u241751678/domains/casacentroserviciotecnico.com/public_html/controller/Login_Controller.php:66]: To: maroces19@gmail.com -- Headers: MIME-Version: 1.0  Content-type: text/html; charset=utf-8 -- Subject: Productos Agotandose
[05-Sep-2022 12:56:14 UTC] mail() on [/home/u241751678/domains/casacentroserviciotecnico.com/public_html/controller/Login_Controller.php:66]: To: maroces19@gmail.com -- Headers: MIME-Version: 1.0  Content-type: text/html; charset=utf-8 -- Subject: Productos Agotandose
[05-Sep-2022 12:56:49 UTC] mail() on [/home/u241751678/domains/casacentroserviciotecnico.com/public_html/controller/Login_Controller.php:66]: To: maroces19@gmail.com -- Headers: MIME-Version: 1.0  Content-type: text/html; charset=utf-8 -- Subject: Productos Agotandose
[05-Sep-2022 12:56:56 UTC] mail() on [/home/u241751678/domains/casacentroserviciotecnico.com/public_html/controller/Login_Controller.php:66]: To: maroces19@gmail.com -- Headers: MIME-Version: 1.0  Content-type: text/html; charset=utf-8 -- Subject: Productos Agotandose
[06-Sep-2022 13:10:14 UTC] mail() on [/home/u241751678/domains/casacentroserviciotecnico.com/public_html/controller/Login_Controller.php:66]: To: maroces19@gmail.com -- Headers: MIME-Version: 1.0  Content-type: text/html; charset=utf-8 -- Subject: Productos Agotandose
[06-Sep-2022 13:10:22 UTC] mail() on [/home/u241751678/domains/casacentroserviciotecnico.com/public_html/controller/Login_Controller.php:66]: To: maroces19@gmail.com -- Headers: MIME-Version: 1.0  Content-type: text/html; charset=utf-8 -- Subject: Productos Agotandose
[06-Sep-2022 17:58:08 UTC] mail() on [/home/u241751678/domains/casacentroserviciotecnico.com/public_html/controller/Login_Controller.php:66]: To: maroces19@gmail.com -- Headers: MIME-Version: 1.0  Content-type: text/html; charset=utf-8 -- Subject: Productos Agotandose
[07-Sep-2022 13:07:44 UTC] mail() on [/home/u241751678/domains/casacentroserviciotecnico.com/public_html/controller/Login_Controller.php:66]: To: maroces19@gmail.com -- Headers: MIME-Version: 1.0  Content-type: text/html; charset=utf-8 -- Subject: Productos Agotandose
[08-Sep-2022 13:18:30 UTC] mail() on [/home/u241751678/domains/casacentroserviciotecnico.com/public_html/controller/Login_Controller.php:66]: To: maroces19@gmail.com -- Headers: MIME-Version: 1.0  Content-type: text/html; charset=utf-8 -- Subject: Productos Agotandose
[09-Sep-2022 12:48:22 UTC] mail() on [/home/u241751678/domains/casacentroserviciotecnico.com/public_html/controller/Login_Controller.php:66]: To: maroces19@gmail.com -- Headers: MIME-Version: 1.0  Content-type: text/html; charset=utf-8 -- Subject: Productos Agotandose
[09-Sep-2022 12:48:28 UTC] mail() on [/home/u241751678/domains/casacentroserviciotecnico.com/public_html/controller/Login_Controller.php:66]: To: maroces19@gmail.com -- Headers: MIME-Version: 1.0  Content-type: text/html; charset=utf-8 -- Subject: Productos Agotandose
[10-Sep-2022 13:06:01 UTC] mail() on [/home/u241751678/domains/casacentroserviciotecnico.com/public_html/controller/Login_Controller.php:66]: To: maroces19@gmail.com -- Headers: MIME-Version: 1.0  Content-type: text/html; charset=utf-8 -- Subject: Productos Agotandose
[10-Sep-2022 13:06:08 UTC] mail() on [/home/u241751678/domains/casacentroserviciotecnico.com/public_html/controller/Login_Controller.php:66]: To: maroces19@gmail.com -- Headers: MIME-Version: 1.0  Content-type: text/html; charset=utf-8 -- Subject: Productos Agotandose
[12-Sep-2022 13:06:01 UTC] mail() on [/home/u241751678/domains/casacentroserviciotecnico.com/public_html/controller/Login_Controller.php:66]: To: maroces19@gmail.com -- Headers: MIME-Version: 1.0  Content-type: text/html; charset=utf-8 -- Subject: Productos Agotandose
[14-Sep-2022 16:41:41 UTC] mail() on [/home/u241751678/domains/casacentroserviciotecnico.com/public_html/controller/Login_Controller.php:66]: To: maroces19@gmail.com -- Headers: MIME-Version: 1.0  Content-type: text/html; charset=utf-8 -- Subject: Productos Agotandose
[15-Sep-2022 13:04:33 UTC] mail() on [/home/u241751678/domains/casacentroserviciotecnico.com/public_html/controller/Login_Controller.php:66]: To: maroces19@gmail.com -- Headers: MIME-Version: 1.0  Content-type: text/html; charset=utf-8 -- Subject: Productos Agotandose
[16-Sep-2022 00:23:38 UTC] mail() on [/home/u241751678/domains/casacentroserviciotecnico.com/public_html/controller/Login_Controller.php:66]: To: maroces19@gmail.com -- Headers: MIME-Version: 1.0  Content-type: text/html; charset=utf-8 -- Subject: Productos Agotandose
[16-Sep-2022 00:23:48 UTC] mail() on [/home/u241751678/domains/casacentroserviciotecnico.com/public_html/controller/Login_Controller.php:66]: To: maroces19@gmail.com -- Headers: MIME-Version: 1.0  Content-type: text/html; charset=utf-8 -- Subject: Productos Agotandose
[16-Sep-2022 13:00:18 UTC] mail() on [/home/u241751678/domains/casacentroserviciotecnico.com/public_html/controller/Login_Controller.php:66]: To: maroces19@gmail.com -- Headers: MIME-Version: 1.0  Content-type: text/html; charset=utf-8 -- Subject: Productos Agotandose
[17-Sep-2022 13:01:33 UTC] mail() on [/home/u241751678/domains/casacentroserviciotecnico.com/public_html/controller/Login_Controller.php:66]: To: maroces19@gmail.com -- Headers: MIME-Version: 1.0  Content-type: text/html; charset=utf-8 -- Subject: Productos Agotandose
[19-Sep-2022 13:04:00 UTC] mail() on [/home/u241751678/domains/casacentroserviciotecnico.com/public_html/controller/Login_Controller.php:66]: To: maroces19@gmail.com -- Headers: MIME-Version: 1.0  Content-type: text/html; charset=utf-8 -- Subject: Productos Agotandose
[20-Sep-2022 13:02:31 UTC] mail() on [/home/u241751678/domains/casacentroserviciotecnico.com/public_html/controller/Login_Controller.php:66]: To: maroces19@gmail.com -- Headers: MIME-Version: 1.0  Content-type: text/html; charset=utf-8 -- Subject: Productos Agotandose
[20-Sep-2022 14:41:00 UTC] mail() on [/home/u241751678/domains/casacentroserviciotecnico.com/public_html/controller/Login_Controller.php:66]: To: maroces19@gmail.com -- Headers: MIME-Version: 1.0  Content-type: text/html; charset=utf-8 -- Subject: Productos Agotandose
[21-Sep-2022 12:58:33 UTC] mail() on [/home/u241751678/domains/casacentroserviciotecnico.com/public_html/controller/Login_Controller.php:66]: To: maroces19@gmail.com -- Headers: MIME-Version: 1.0  Content-type: text/html; charset=utf-8 -- Subject: Productos Agotandose
[22-Sep-2022 12:56:48 UTC] mail() on [/home/u241751678/domains/casacentroserviciotecnico.com/public_html/controller/Login_Controller.php:66]: To: maroces19@gmail.com -- Headers: MIME-Version: 1.0  Content-type: text/html; charset=utf-8 -- Subject: Productos Agotandose
[23-Sep-2022 12:57:13 UTC] mail() on [/home/u241751678/domains/casacentroserviciotecnico.com/public_html/controller/Login_Controller.php:66]: To: maroces19@gmail.com -- Headers: MIME-Version: 1.0  Content-type: text/html; charset=utf-8 -- Subject: Productos Agotandose
[24-Sep-2022 01:33:03 UTC] mail() on [/home/u241751678/domains/casacentroserviciotecnico.com/public_html/controller/Login_Controller.php:66]: To: maroces19@gmail.com -- Headers: MIME-Version: 1.0  Content-type: text/html; charset=utf-8 -- Subject: Productos Agotandose
